#
# There is insufficient memory for the Java Runtime Environment to continue.
# Native memory allocation (malloc) failed to allocate 1046896 bytes. Error detail: Chunk::new
# Possible reasons:
#   The system is out of physical RAM or swap space
#   This process is running with CompressedOops enabled, and the Java Heap may be blocking the growth of the native heap
# Possible solutions:
#   Reduce memory load on the system
#   Increase physical memory or swap space
#   Check if swap backing store is full
#   Decrease Java heap size (-Xmx/-Xms)
#   Decrease number of Java threads
#   Decrease Java thread stack sizes (-Xss)
#   Set larger code cache with -XX:ReservedCodeCacheSize=
#   JVM is running with Unscaled Compressed Oops mode in which the Java heap is
#     placed in the first 4GB address space. The Java Heap base address is the
#     maximum limit for the native heap growth. Please use -XX:HeapBaseMinAddress
#     to set the Java Heap base and to place the Java Heap above 4GB virtual address.
# This output file may be truncated or incomplete.
#
#  Out of Memory Error (arena.cpp:168), pid=14136, tid=10304
#
# JRE version: OpenJDK Runtime Environment Temurin-21.0.10+7 (21.0.10+7) (build 21.0.10+7-LTS)
# Java VM: OpenJDK 64-Bit Server VM Temurin-21.0.10+7 (21.0.10+7-LTS, mixed mode, sharing, tiered, compressed oops, compressed class ptrs, parallel gc, windows-amd64)
# No core dump will be written. Minidumps are not enabled by default on client versions of Windows
#

---------------  S U M M A R Y ------------

Command Line: --add-modules=ALL-SYSTEM --add-opens=java.base/java.util=ALL-UNNAMED --add-opens=java.base/java.lang=ALL-UNNAMED --add-opens=java.base/sun.nio.fs=ALL-UNNAMED -Declipse.application=org.eclipse.jdt.ls.core.id1 -Dosgi.bundles.defaultStartLevel=4 -Declipse.product=org.eclipse.jdt.ls.core.product -Djava.import.generatesMetadataFilesAtProjectRoot=false -DDetectVMInstallationsJob.disabled=true -Dfile.encoding=utf8 -XX:+UseParallelGC -XX:GCTimeRatio=4 -XX:AdaptiveSizePolicyWeight=90 -Dsun.zip.disableMemoryMapping=true -Xmx2G -Xms100m -Xlog:disable -javaagent:c:\Users\nojav\.vscode\extensions\redhat.java-1.54.0-win32-x64\lombok\lombok-1.18.39-4050.jar -XX:+HeapDumpOnOutOfMemoryError -XX:HeapDumpPath=c:\Users\nojav\AppData\Roaming\Code\User\workspaceStorage\f25b706554faed5a90ab6ee764554a6c\redhat.java -Daether.dependencyCollector.impl=bf c:\Users\nojav\.vscode\extensions\redhat.java-1.54.0-win32-x64\server\plugins\org.eclipse.equinox.launcher_1.7.100.v20251111-0406.jar -configuration c:\Users\nojav\AppData\Roaming\Code\User\globalStorage\redhat.java\1.54.0\config_win -data c:\Users\nojav\AppData\Roaming\Code\User\workspaceStorage\f25b706554faed5a90ab6ee764554a6c\redhat.java\jdt_ws --pipe=\\.\pipe\lsp-6042fdd3af1ba006d9da8b8150af34fe-sock

Host: AMD Ryzen 5 3550H with Radeon Vega Mobile Gfx  , 8 cores, 9G,  Windows 11 , 64 bit Build 26100 (10.0.26100.8521)
Time: Mon Jun 22 20:18:16 2026 Hora est. Sudam廨ica Pac璗ico elapsed time: 954.028275 seconds (0d 0h 15m 54s)

---------------  T H R E A D  ---------------

Current thread (0x000001bf0d82a3a0):  JavaThread "C2 CompilerThread0" daemon [_thread_in_native, id=10304, stack(0x0000008c50c00000,0x0000008c50d00000) (1024K)]


Current CompileTask:
C2:954028 19246 %     4       org.apache.maven.repository.internal.ArtifactDescriptorReaderDelegate::populateResult @ 65 (426 bytes)

Stack: [0x0000008c50c00000,0x0000008c50d00000]
Native frames: (J=compiled Java code, j=interpreted, Vv=VM code, C=native code)
V  [jvm.dll+0x6d7a39]
V  [jvm.dll+0x8b4b26]
V  [jvm.dll+0x8b70de]
V  [jvm.dll+0x8b77c3]
V  [jvm.dll+0x284346]
V  [jvm.dll+0xc66ed]
V  [jvm.dll+0xc6c31]
V  [jvm.dll+0x2fb29e]
V  [jvm.dll+0x5fe884]
V  [jvm.dll+0x255b17]
V  [jvm.dll+0x255edd]
V  [jvm.dll+0x24e500]
V  [jvm.dll+0x24ba42]
V  [jvm.dll+0x1cb34e]
V  [jvm.dll+0x25b85d]
V  [jvm.dll+0x259dea]
V  [jvm.dll+0x3f857e]
V  [jvm.dll+0x85f59d]
V  [jvm.dll+0x6d626d]
C  [ucrtbase.dll+0x2cd30]
C  [KERNEL32.DLL+0x2e957]
C  [ntdll.dll+0x87c1c]


---------------  P R O C E S S  ---------------

Threads class SMR info:
_java_thread_list=0x000001bf6c3e6eb0, length=45, elements={
0x000001bf0d8ac3e0, 0x000001bf0d96b230, 0x000001bf0d96d960, 0x000001bf0d825230,
0x000001bf0d825c90, 0x000001bf0d828b00, 0x000001bf0d829560, 0x000001bf0d82a3a0,
0x000001bf66c0a760, 0x000001bf66e47d90, 0x000001bf66e8b150, 0x000001bf6b7d75f0,
0x000001bf6b7d89a0, 0x000001bf6b7d9030, 0x000001bf6b7d6240, 0x000001bf6b7d96c0,
0x000001bf6b7d6f60, 0x000001bf6b7d8310, 0x000001bf6cff2770, 0x000001bf6cff4840,
0x000001bf6cff41b0, 0x000001bf6cff5560, 0x000001bf6cff3b20, 0x000001bf6cff20e0,
0x000001bf6cff8350, 0x000001bf6cff7630, 0x000001bf6cff7cc0, 0x000001bf6cff89e0,
0x000001bf6cff5bf0, 0x000001bf6cff9700, 0x000001bf6cff6910, 0x000001bf6cff6280,
0x000001bf6cff6fa0, 0x000001bf710299a0, 0x000001bf710278d0, 0x000001bf6d48ac30,
0x000001bf6ce3e440, 0x000001bf6ce3dd70, 0x000001bf6d48d390, 0x000001bf6d48c670,
0x000001bf6d48da20, 0x000001bf6d48b2c0, 0x000001bf6d48a5a0, 0x000001bf6d48b950,
0x000001bf6d48faf0
}

Java Threads: ( => current thread )
  0x000001bf0d8ac3e0 JavaThread "main"                              [_thread_blocked, id=17832, stack(0x0000008c50200000,0x0000008c50300000) (1024K)]
  0x000001bf0d96b230 JavaThread "Reference Handler"          daemon [_thread_blocked, id=8684, stack(0x0000008c50600000,0x0000008c50700000) (1024K)]
  0x000001bf0d96d960 JavaThread "Finalizer"                  daemon [_thread_blocked, id=21764, stack(0x0000008c50700000,0x0000008c50800000) (1024K)]
  0x000001bf0d825230 JavaThread "Signal Dispatcher"          daemon [_thread_blocked, id=11496, stack(0x0000008c50800000,0x0000008c50900000) (1024K)]
  0x000001bf0d825c90 JavaThread "Attach Listener"            daemon [_thread_blocked, id=21156, stack(0x0000008c50900000,0x0000008c50a00000) (1024K)]
  0x000001bf0d828b00 JavaThread "Service Thread"             daemon [_thread_blocked, id=2028, stack(0x0000008c50a00000,0x0000008c50b00000) (1024K)]
  0x000001bf0d829560 JavaThread "Monitor Deflation Thread"   daemon [_thread_blocked, id=22148, stack(0x0000008c50b00000,0x0000008c50c00000) (1024K)]
=>0x000001bf0d82a3a0 JavaThread "C2 CompilerThread0"         daemon [_thread_in_native, id=10304, stack(0x0000008c50c00000,0x0000008c50d00000) (1024K)]
  0x000001bf66c0a760 JavaThread "C1 CompilerThread0"         daemon [_thread_blocked, id=16912, stack(0x0000008c50d00000,0x0000008c50e00000) (1024K)]
  0x000001bf66e47d90 JavaThread "Common-Cleaner"             daemon [_thread_blocked, id=9604, stack(0x0000008c50f00000,0x0000008c51000000) (1024K)]
  0x000001bf66e8b150 JavaThread "Notification Thread"        daemon [_thread_blocked, id=22560, stack(0x0000008c50e00000,0x0000008c50f00000) (1024K)]
  0x000001bf6b7d75f0 JavaThread "Active Thread: Equinox Container: ad0a2c27-74ec-44bf-a046-bd3a9d826d93"        [_thread_blocked, id=18820, stack(0x0000008c51100000,0x0000008c51200000) (1024K)]
  0x000001bf6b7d89a0 JavaThread "Refresh Thread: Equinox Container: ad0a2c27-74ec-44bf-a046-bd3a9d826d93" daemon [_thread_blocked, id=22972, stack(0x0000008c51900000,0x0000008c51a00000) (1024K)]
  0x000001bf6b7d9030 JavaThread "Framework Event Dispatcher: Equinox Container: ad0a2c27-74ec-44bf-a046-bd3a9d826d93" daemon [_thread_blocked, id=21204, stack(0x0000008c51a00000,0x0000008c51b00000) (1024K)]
  0x000001bf6b7d6240 JavaThread "Start Level: Equinox Container: ad0a2c27-74ec-44bf-a046-bd3a9d826d93" daemon [_thread_blocked, id=12548, stack(0x0000008c51b00000,0x0000008c51c00000) (1024K)]
  0x000001bf6b7d96c0 JavaThread "Bundle File Closer"         daemon [_thread_blocked, id=16248, stack(0x0000008c51c00000,0x0000008c51d00000) (1024K)]
  0x000001bf6b7d6f60 JavaThread "SCR Component Actor"        daemon [_thread_blocked, id=21528, stack(0x0000008c51000000,0x0000008c51100000) (1024K)]
  0x000001bf6b7d8310 JavaThread "Worker-JM"                         [_thread_blocked, id=6196, stack(0x0000008c51f00000,0x0000008c52000000) (1024K)]
  0x000001bf6cff2770 JavaThread "Java indexing"              daemon [_thread_blocked, id=8036, stack(0x0000008c52200000,0x0000008c52300000) (1024K)]
  0x000001bf6cff4840 JavaThread "Worker-2"                          [_thread_blocked, id=6316, stack(0x0000008c52300000,0x0000008c52400000) (1024K)]
  0x000001bf6cff41b0 JavaThread "JNA Cleaner"                daemon [_thread_blocked, id=22204, stack(0x0000008c52500000,0x0000008c52600000) (1024K)]
  0x000001bf6cff5560 JavaThread "Thread-1"                   daemon [_thread_in_native, id=12200, stack(0x0000008c52a00000,0x0000008c52b00000) (1024K)]
  0x000001bf6cff3b20 JavaThread "Thread-2"                   daemon [_thread_in_native, id=12088, stack(0x0000008c52b00000,0x0000008c52c00000) (1024K)]
  0x000001bf6cff20e0 JavaThread "Thread-3"                   daemon [_thread_in_native, id=23548, stack(0x0000008c52c00000,0x0000008c52d00000) (1024K)]
  0x000001bf6cff8350 JavaThread "Thread-4"                   daemon [_thread_in_native, id=22608, stack(0x0000008c52d00000,0x0000008c52e00000) (1024K)]
  0x000001bf6cff7630 JavaThread "Thread-5"                   daemon [_thread_in_native, id=9512, stack(0x0000008c52e00000,0x0000008c52f00000) (1024K)]
  0x000001bf6cff7cc0 JavaThread "Thread-6"                   daemon [_thread_in_native, id=21420, stack(0x0000008c52f00000,0x0000008c53000000) (1024K)]
  0x000001bf6cff89e0 JavaThread "Thread-7"                   daemon [_thread_in_native, id=21376, stack(0x0000008c53000000,0x0000008c53100000) (1024K)]
  0x000001bf6cff5bf0 JavaThread "Thread-8"                   daemon [_thread_in_native, id=15388, stack(0x0000008c53100000,0x0000008c53200000) (1024K)]
  0x000001bf6cff9700 JavaThread "Thread-9"                   daemon [_thread_in_native, id=832, stack(0x0000008c53200000,0x0000008c53300000) (1024K)]
  0x000001bf6cff6910 JavaThread "pool-2-thread-1"                   [_thread_blocked, id=2792, stack(0x0000008c53300000,0x0000008c53400000) (1024K)]
  0x000001bf6cff6280 JavaThread "WorkspaceEventsHandler"            [_thread_blocked, id=21436, stack(0x0000008c53500000,0x0000008c53600000) (1024K)]
  0x000001bf6cff6fa0 JavaThread "pool-1-thread-1"                   [_thread_blocked, id=22680, stack(0x0000008c53600000,0x0000008c53700000) (1024K)]
  0x000001bf710299a0 JavaThread "Cleaner-0"                  daemon [_thread_blocked, id=20584, stack(0x0000008c50100000,0x0000008c50200000) (1024K)]
  0x000001bf710278d0 JavaThread "Worker-6"                          [_thread_blocked, id=21148, stack(0x0000008c51d00000,0x0000008c51e00000) (1024K)]
  0x000001bf6d48ac30 JavaThread "Worker-7: Updating project configurations"        [_thread_in_native, id=21988, stack(0x0000008c50000000,0x0000008c50100000) (1024K)]
  0x000001bf6ce3e440 JavaThread "C2 CompilerThread1"         daemon [_thread_in_native, id=9784, stack(0x0000008c4ff00000,0x0000008c50000000) (1024K)]
  0x000001bf6ce3dd70 JavaThread "C2 CompilerThread2"         daemon [_thread_in_native, id=14784, stack(0x0000008c52800000,0x0000008c52900000) (1024K)]
  0x000001bf6d48d390 JavaThread "Worker-8"                          [_thread_blocked, id=4940, stack(0x0000008c51e00000,0x0000008c51f00000) (1024K)]
  0x000001bf6d48c670 JavaThread "Worker-9"                          [_thread_blocked, id=23212, stack(0x0000008c52000000,0x0000008c52100000) (1024K)]
  0x000001bf6d48da20 JavaThread "Worker-10"                         [_thread_blocked, id=2560, stack(0x0000008c52100000,0x0000008c52200000) (1024K)]
  0x000001bf6d48b2c0 JavaThread "ForkJoinPool.commonPool-worker-14" daemon [_thread_blocked, id=18104, stack(0x0000008c52400000,0x0000008c52500000) (1024K)]
  0x000001bf6d48a5a0 JavaThread "ForkJoinPool.commonPool-worker-15" daemon [_thread_in_Java, id=5808, stack(0x0000008c52600000,0x0000008c52700000) (1024K)]
  0x000001bf6d48b950 JavaThread "ForkJoinPool.commonPool-worker-16" daemon [_thread_blocked, id=21312, stack(0x0000008c52900000,0x0000008c52a00000) (1024K)]
  0x000001bf6d48faf0 JavaThread "ForkJoinPool.commonPool-worker-17" daemon [_thread_blocked, id=19232, stack(0x0000008c53400000,0x0000008c53500000) (1024K)]
Total: 45

Other Threads:
  0x000001bf0d822690 VMThread "VM Thread"                           [id=22476, stack(0x0000008c50500000,0x0000008c50600000) (1024K)]
  0x000001bf0d73ca10 WatcherThread "VM Periodic Task Thread"        [id=10544, stack(0x0000008c50400000,0x0000008c50500000) (1024K)]
  0x000001bf0d8ca490 WorkerThread "GC Thread#0"                     [id=14672, stack(0x0000008c50300000,0x0000008c50400000) (1024K)]
  0x000001bf6b687100 WorkerThread "GC Thread#1"                     [id=22644, stack(0x0000008c51200000,0x0000008c51300000) (1024K)]
  0x000001bf6b516cf0 WorkerThread "GC Thread#2"                     [id=21496, stack(0x0000008c51300000,0x0000008c51400000) (1024K)]
  0x000001bf6b6874b0 WorkerThread "GC Thread#3"                     [id=12132, stack(0x0000008c51400000,0x0000008c51500000) (1024K)]
  0x000001bf6b406cf0 WorkerThread "GC Thread#4"                     [id=6004, stack(0x0000008c51500000,0x0000008c51600000) (1024K)]
  0x000001bf6b687860 WorkerThread "GC Thread#5"                     [id=21284, stack(0x0000008c51600000,0x0000008c51700000) (1024K)]
  0x000001bf6b687c10 WorkerThread "GC Thread#6"                     [id=6308, stack(0x0000008c51700000,0x0000008c51800000) (1024K)]
  0x000001bf6b96ea70 WorkerThread "GC Thread#7"                     [id=12772, stack(0x0000008c51800000,0x0000008c51900000) (1024K)]
Total: 10

Threads with active compile tasks:
C2 CompilerThread0  954070 19246 %     4       org.apache.maven.repository.internal.ArtifactDescriptorReaderDelegate::populateResult @ 65 (426 bytes)
C2 CompilerThread1  954070 19275       4       java.util.zip.ZipFile$CleanableResource::<init> (63 bytes)
C2 CompilerThread2  954070 19267       4       java.util.zip.ZipFile::<init> (144 bytes)
Total: 3

VM state: not at safepoint (normal execution)

VM Mutex/Monitor currently owned by a thread: None

Heap address: 0x0000000080000000, size: 2048 MB, Compressed Oops mode: 32-bit

CDS archive(s) mapped at: [0x000001bf25000000-0x000001bf25ba0000-0x000001bf25ba0000), size 12189696, SharedBaseAddress: 0x000001bf25000000, ArchiveRelocationMode: 1.
Compressed class space mapped at: 0x000001bf26000000-0x000001bf66000000, reserved size: 1073741824
Narrow klass base: 0x000001bf25000000, Narrow klass shift: 0, Narrow klass range: 0x100000000

GC Precious Log:
 CardTable entry size: 512
 CPUs: 8 total, 8 available
 Memory: 10178M
 Large Page Support: Disabled
 NUMA Support: Disabled
 Compressed Oops: Enabled (32-bit)
 Alignments: Space 512K, Generation 512K, Heap 2M
 Heap Min Capacity: 100M
 Heap Initial Capacity: 100M
 Heap Max Capacity: 2G
 Pre-touch: Disabled
 Parallel Workers: 8

Heap:
 PSYoungGen      total 9216K, used 6455K [0x00000000d5580000, 0x00000000d5f80000, 0x0000000100000000)
  eden space 8704K, 71% used [0x00000000d5580000,0x00000000d5b95ce8,0x00000000d5e00000)
  from space 512K, 43% used [0x00000000d5f00000,0x00000000d5f38000,0x00000000d5f80000)
  to   space 512K, 0% used [0x00000000d5e80000,0x00000000d5e80000,0x00000000d5f00000)
 ParOldGen       total 875008K, used 410458K [0x0000000080000000, 0x00000000b5680000, 0x00000000d5580000)
  object space 875008K, 46% used [0x0000000080000000,0x00000000990d6b88,0x00000000b5680000)
 Metaspace       used 87731K, committed 89536K, reserved 1179648K
  class space    used 9139K, committed 9920K, reserved 1048576K

Card table byte_map: [0x000001bf0d250000,0x000001bf0d660000] _byte_map_base: 0x000001bf0ce50000

Marking Bits: (ParMarkBitMap*) 0x00007ffe06da3450
 Begin Bits: [0x000001bf1fd60000, 0x000001bf21d60000)
 End Bits:   [0x000001bf21d60000, 0x000001bf23d60000)

Polling page: 0x000001bf0b650000

Metaspace:

Usage:
  Non-class:     76.75 MB used.
      Class:      8.93 MB used.
       Both:     85.68 MB used.

Virtual space:
  Non-class space:      128.00 MB reserved,      77.75 MB ( 61%) committed,  2 nodes.
      Class space:        1.00 GB reserved,       9.69 MB ( <1%) committed,  1 nodes.
             Both:        1.12 GB reserved,      87.44 MB (  8%) committed. 

Chunk freelists:
   Non-Class:  1.72 MB
       Class:  6.33 MB
        Both:  8.04 MB

MaxMetaspaceSize: unlimited
CompressedClassSpaceSize: 1.00 GB
Initial GC threshold: 21.00 MB
Current GC threshold: 134.81 MB
CDS: on
 - commit_granule_bytes: 65536.
 - commit_granule_words: 8192.
 - virtual_space_node_default_size: 8388608.
 - enlarge_chunks_in_place: 1.
 - use_allocation_guard: 0.


Internal statistics:

num_allocs_failed_limit: 11.
num_arena_births: 1484.
num_arena_deaths: 26.
num_vsnodes_births: 3.
num_vsnodes_deaths: 0.
num_space_committed: 1411.
num_space_uncommitted: 7.
num_chunks_returned_to_freelist: 94.
num_chunks_taken_from_freelist: 5550.
num_chunk_merges: 27.
num_chunk_splits: 3436.
num_chunks_enlarged: 2029.
num_inconsistent_stats: 0.

CodeHeap 'non-profiled nmethods': size=120000Kb used=18181Kb max_used=18181Kb free=101818Kb
 bounds [0x000001bf18580000, 0x000001bf19750000, 0x000001bf1fab0000]
CodeHeap 'profiled nmethods': size=120000Kb used=41987Kb max_used=41987Kb free=78013Kb
 bounds [0x000001bf10ab0000, 0x000001bf133c0000, 0x000001bf17fe0000]
CodeHeap 'non-nmethods': size=5760Kb used=1517Kb max_used=1610Kb free=4242Kb
 bounds [0x000001bf17fe0000, 0x000001bf18250000, 0x000001bf18580000]
CodeCache: size=245760Kb, used=61685Kb, max_used=61778Kb, free=184073Kb
 total_blobs=18301, nmethods=17456, adapters=747, full_count=0
Compilation: enabled, stopped_count=0, restarted_count=0

Compilation events (20 events):
Event: 951.830 Thread 0x000001bf66c0a760 19260       3       java.util.HashMap$UnsafeHolder::putLoadFactor (12 bytes)
Event: 951.830 Thread 0x000001bf66c0a760 nmethod 19260 0x000001bf133a3d90 code [0x000001bf133a3f20, 0x000001bf133a4018]
Event: 952.834 Thread 0x000001bf6ce3e440 nmethod 19261 0x000001bf19733a10 code [0x000001bf19733be0, 0x000001bf197342f8]
Event: 952.838 Thread 0x000001bf66c0a760 19262       3       jdk.internal.util.ByteArray::getFloat (12 bytes)
Event: 952.839 Thread 0x000001bf66c0a760 nmethod 19262 0x000001bf133a4090 code [0x000001bf133a4280, 0x000001bf133a47d8]
Event: 952.843 Thread 0x000001bf66c0a760 19263       3       org.apache.maven.plugin.internal.DefaultLegacySupport::setSession (51 bytes)
Event: 952.844 Thread 0x000001bf66c0a760 nmethod 19263 0x000001bf133a4a10 code [0x000001bf133a4c80, 0x000001bf133a5880]
Event: 952.846 Thread 0x000001bf6ce3e440 19264       4       java.util.ArrayList::equalsArrayList (108 bytes)
Event: 952.846 Thread 0x000001bf66c0a760 19265       3       org.eclipse.m2e.core.project.configurator.MojoExecutionKey::equals (8 bytes)
Event: 952.850 Thread 0x000001bf66c0a760 nmethod 19265 0x000001bf133a5c10 code [0x000001bf133a6080, 0x000001bf133a7f88]
Event: 952.850 Thread 0x000001bf6ce3e440 nmethod 19264 0x000001bf19734610 code [0x000001bf197347c0, 0x000001bf19734a70]
Event: 952.873 Thread 0x000001bf6ce3e440 19266   !   4       java.util.jar.Attributes::read (494 bytes)
Event: 952.939 Thread 0x000001bf6ce3dd70 nmethod 19256 0x000001bf19734c90 code [0x000001bf19735140, 0x000001bf19737e00]
Event: 952.939 Thread 0x000001bf6ce3dd70 19267       4       java.util.zip.ZipFile::<init> (144 bytes)
Event: 953.003 Thread 0x000001bf66c0a760 19269       3       java.util.ImmutableCollections$AbstractImmutableList::listIterator (31 bytes)
Event: 953.004 Thread 0x000001bf66c0a760 nmethod 19269 0x000001bf133a8b10 code [0x000001bf133a8ce0, 0x000001bf133a9130]
Event: 953.004 Thread 0x000001bf66c0a760 19270       3       java.util.ImmutableCollections$ListItr::<init> (25 bytes)
Event: 953.004 Thread 0x000001bf66c0a760 nmethod 19270 0x000001bf133a9290 code [0x000001bf133a9440, 0x000001bf133a95d0]
Event: 953.009 Thread 0x000001bf66c0a760 19271       3       org.eclipse.jdt.internal.core.AbstractClassFile::validateExistence (62 bytes)
Event: 953.010 Thread 0x000001bf66c0a760 nmethod 19271 0x000001bf133a9690 code [0x000001bf133a9900, 0x000001bf133aa500]

GC Heap History (20 events):
Event: 951.771 GC heap before
{Heap before GC invocations=1470 (full 4):
 PSYoungGen      total 9728K, used 9120K [0x00000000d5580000, 0x00000000d5f80000, 0x0000000100000000)
  eden space 8704K, 100% used [0x00000000d5580000,0x00000000d5e00000,0x00000000d5e00000)
  from space 1024K, 40% used [0x00000000d5e00000,0x00000000d5e68000,0x00000000d5f00000)
  to   space 512K, 0% used [0x00000000d5f00000,0x00000000d5f00000,0x00000000d5f80000)
 ParOldGen       total 875008K, used 408715K [0x0000000080000000, 0x00000000b5680000, 0x00000000d5580000)
  object space 875008K, 46% used [0x0000000080000000,0x0000000098f22c88,0x00000000b5680000)
 Metaspace       used 87720K, committed 89536K, reserved 1179648K
  class space    used 9139K, committed 9920K, reserved 1048576K
}
Event: 951.773 GC heap after
{Heap after GC invocations=1470 (full 4):
 PSYoungGen      total 9216K, used 396K [0x00000000d5580000, 0x00000000d5f80000, 0x0000000100000000)
  eden space 8704K, 0% used [0x00000000d5580000,0x00000000d5580000,0x00000000d5e00000)
  from space 512K, 77% used [0x00000000d5f00000,0x00000000d5f63138,0x00000000d5f80000)
  to   space 512K, 0% used [0x00000000d5e80000,0x00000000d5e80000,0x00000000d5f00000)
 ParOldGen       total 875008K, used 409011K [0x0000000080000000, 0x00000000b5680000, 0x00000000d5580000)
  object space 875008K, 46% used [0x0000000080000000,0x0000000098f6cc88,0x00000000b5680000)
 Metaspace       used 87720K, committed 89536K, reserved 1179648K
  class space    used 9139K, committed 9920K, reserved 1048576K
}
Event: 951.797 GC heap before
{Heap before GC invocations=1471 (full 4):
 PSYoungGen      total 9216K, used 9100K [0x00000000d5580000, 0x00000000d5f80000, 0x0000000100000000)
  eden space 8704K, 100% used [0x00000000d5580000,0x00000000d5e00000,0x00000000d5e00000)
  from space 512K, 77% used [0x00000000d5f00000,0x00000000d5f63138,0x00000000d5f80000)
  to   space 512K, 0% used [0x00000000d5e80000,0x00000000d5e80000,0x00000000d5f00000)
 ParOldGen       total 875008K, used 409011K [0x0000000080000000, 0x00000000b5680000, 0x00000000d5580000)
  object space 875008K, 46% used [0x0000000080000000,0x0000000098f6cc88,0x00000000b5680000)
 Metaspace       used 87720K, committed 89536K, reserved 1179648K
  class space    used 9139K, committed 9920K, reserved 1048576K
}
Event: 951.798 GC heap after
{Heap after GC invocations=1471 (full 4):
 PSYoungGen      total 9216K, used 370K [0x00000000d5580000, 0x00000000d5f80000, 0x0000000100000000)
  eden space 8704K, 0% used [0x00000000d5580000,0x00000000d5580000,0x00000000d5e00000)
  from space 512K, 72% used [0x00000000d5e80000,0x00000000d5edc950,0x00000000d5f00000)
  to   space 512K, 0% used [0x00000000d5f00000,0x00000000d5f00000,0x00000000d5f80000)
 ParOldGen       total 875008K, used 409229K [0x0000000080000000, 0x00000000b5680000, 0x00000000d5580000)
  object space 875008K, 46% used [0x0000000080000000,0x0000000098fa3558,0x00000000b5680000)
 Metaspace       used 87720K, committed 89536K, reserved 1179648K
  class space    used 9139K, committed 9920K, reserved 1048576K
}
Event: 951.809 GC heap before
{Heap before GC invocations=1472 (full 4):
 PSYoungGen      total 9216K, used 9074K [0x00000000d5580000, 0x00000000d5f80000, 0x0000000100000000)
  eden space 8704K, 100% used [0x00000000d5580000,0x00000000d5e00000,0x00000000d5e00000)
  from space 512K, 72% used [0x00000000d5e80000,0x00000000d5edc950,0x00000000d5f00000)
  to   space 512K, 0% used [0x00000000d5f00000,0x00000000d5f00000,0x00000000d5f80000)
 ParOldGen       total 875008K, used 409229K [0x0000000080000000, 0x00000000b5680000, 0x00000000d5580000)
  object space 875008K, 46% used [0x0000000080000000,0x0000000098fa3558,0x00000000b5680000)
 Metaspace       used 87720K, committed 89536K, reserved 1179648K
  class space    used 9139K, committed 9920K, reserved 1048576K
}
Event: 951.811 GC heap after
{Heap after GC invocations=1472 (full 4):
 PSYoungGen      total 9216K, used 372K [0x00000000d5580000, 0x00000000d5f80000, 0x0000000100000000)
  eden space 8704K, 0% used [0x00000000d5580000,0x00000000d5580000,0x00000000d5e00000)
  from space 512K, 72% used [0x00000000d5f00000,0x00000000d5f5d0e0,0x00000000d5f80000)
  to   space 512K, 0% used [0x00000000d5e80000,0x00000000d5e80000,0x00000000d5f00000)
 ParOldGen       total 875008K, used 409333K [0x0000000080000000, 0x00000000b5680000, 0x00000000d5580000)
  object space 875008K, 46% used [0x0000000080000000,0x0000000098fbd558,0x00000000b5680000)
 Metaspace       used 87720K, committed 89536K, reserved 1179648K
  class space    used 9139K, committed 9920K, reserved 1048576K
}
Event: 951.831 GC heap before
{Heap before GC invocations=1473 (full 4):
 PSYoungGen      total 9216K, used 9076K [0x00000000d5580000, 0x00000000d5f80000, 0x0000000100000000)
  eden space 8704K, 100% used [0x00000000d5580000,0x00000000d5e00000,0x00000000d5e00000)
  from space 512K, 72% used [0x00000000d5f00000,0x00000000d5f5d0e0,0x00000000d5f80000)
  to   space 512K, 0% used [0x00000000d5e80000,0x00000000d5e80000,0x00000000d5f00000)
 ParOldGen       total 875008K, used 409333K [0x0000000080000000, 0x00000000b5680000, 0x00000000d5580000)
  object space 875008K, 46% used [0x0000000080000000,0x0000000098fbd558,0x00000000b5680000)
 Metaspace       used 87728K, committed 89536K, reserved 1179648K
  class space    used 9139K, committed 9920K, reserved 1048576K
}
Event: 952.833 GC heap after
{Heap after GC invocations=1473 (full 4):
 PSYoungGen      total 9216K, used 483K [0x00000000d5580000, 0x00000000d6000000, 0x0000000100000000)
  eden space 8704K, 0% used [0x00000000d5580000,0x00000000d5580000,0x00000000d5e00000)
  from space 512K, 94% used [0x00000000d5e80000,0x00000000d5ef8df8,0x00000000d5f00000)
  to   space 1024K, 0% used [0x00000000d5f00000,0x00000000d5f00000,0x00000000d6000000)
 ParOldGen       total 875008K, used 409397K [0x0000000080000000, 0x00000000b5680000, 0x00000000d5580000)
  object space 875008K, 46% used [0x0000000080000000,0x0000000098fcd558,0x00000000b5680000)
 Metaspace       used 87728K, committed 89536K, reserved 1179648K
  class space    used 9139K, committed 9920K, reserved 1048576K
}
Event: 952.861 GC heap before
{Heap before GC invocations=1474 (full 4):
 PSYoungGen      total 9216K, used 9187K [0x00000000d5580000, 0x00000000d6000000, 0x0000000100000000)
  eden space 8704K, 100% used [0x00000000d5580000,0x00000000d5e00000,0x00000000d5e00000)
  from space 512K, 94% used [0x00000000d5e80000,0x00000000d5ef8df8,0x00000000d5f00000)
  to   space 1024K, 0% used [0x00000000d5f00000,0x00000000d5f00000,0x00000000d6000000)
 ParOldGen       total 875008K, used 409397K [0x0000000080000000, 0x00000000b5680000, 0x00000000d5580000)
  object space 875008K, 46% used [0x0000000080000000,0x0000000098fcd558,0x00000000b5680000)
 Metaspace       used 87728K, committed 89536K, reserved 1179648K
  class space    used 9139K, committed 9920K, reserved 1048576K
}
Event: 952.863 GC heap after
{Heap after GC invocations=1474 (full 4):
 PSYoungGen      total 9728K, used 511K [0x00000000d5580000, 0x00000000d6000000, 0x0000000100000000)
  eden space 8704K, 0% used [0x00000000d5580000,0x00000000d5580000,0x00000000d5e00000)
  from space 1024K, 49% used [0x00000000d5f00000,0x00000000d5f7fdd0,0x00000000d6000000)
  to   space 1024K, 0% used [0x00000000d5e00000,0x00000000d5e00000,0x00000000d5f00000)
 ParOldGen       total 875008K, used 409677K [0x0000000080000000, 0x00000000b5680000, 0x00000000d5580000)
  object space 875008K, 46% used [0x0000000080000000,0x0000000099013558,0x00000000b5680000)
 Metaspace       used 87728K, committed 89536K, reserved 1179648K
  class space    used 9139K, committed 9920K, reserved 1048576K
}
Event: 952.881 GC heap before
{Heap before GC invocations=1475 (full 4):
 PSYoungGen      total 9728K, used 9215K [0x00000000d5580000, 0x00000000d6000000, 0x0000000100000000)
  eden space 8704K, 100% used [0x00000000d5580000,0x00000000d5e00000,0x00000000d5e00000)
  from space 1024K, 49% used [0x00000000d5f00000,0x00000000d5f7fdd0,0x00000000d6000000)
  to   space 1024K, 0% used [0x00000000d5e00000,0x00000000d5e00000,0x00000000d5f00000)
 ParOldGen       total 875008K, used 409677K [0x0000000080000000, 0x00000000b5680000, 0x00000000d5580000)
  object space 875008K, 46% used [0x0000000080000000,0x0000000099013558,0x00000000b5680000)
 Metaspace       used 87728K, committed 89536K, reserved 1179648K
  class space    used 9139K, committed 9920K, reserved 1048576K
}
Event: 952.883 GC heap after
{Heap after GC invocations=1475 (full 4):
 PSYoungGen      total 9728K, used 636K [0x00000000d5580000, 0x00000000d6000000, 0x0000000100000000)
  eden space 8704K, 0% used [0x00000000d5580000,0x00000000d5580000,0x00000000d5e00000)
  from space 1024K, 62% used [0x00000000d5e00000,0x00000000d5e9f138,0x00000000d5f00000)
  to   space 1024K, 0% used [0x00000000d5f00000,0x00000000d5f00000,0x00000000d6000000)
 ParOldGen       total 875008K, used 409914K [0x0000000080000000, 0x00000000b5680000, 0x00000000d5580000)
  object space 875008K, 46% used [0x0000000080000000,0x000000009904eb68,0x00000000b5680000)
 Metaspace       used 87728K, committed 89536K, reserved 1179648K
  class space    used 9139K, committed 9920K, reserved 1048576K
}
Event: 952.910 GC heap before
{Heap before GC invocations=1476 (full 4):
 PSYoungGen      total 9728K, used 9340K [0x00000000d5580000, 0x00000000d6000000, 0x0000000100000000)
  eden space 8704K, 100% used [0x00000000d5580000,0x00000000d5e00000,0x00000000d5e00000)
  from space 1024K, 62% used [0x00000000d5e00000,0x00000000d5e9f138,0x00000000d5f00000)
  to   space 1024K, 0% used [0x00000000d5f00000,0x00000000d5f00000,0x00000000d6000000)
 ParOldGen       total 875008K, used 409914K [0x0000000080000000, 0x00000000b5680000, 0x00000000d5580000)
  object space 875008K, 46% used [0x0000000080000000,0x000000009904eb68,0x00000000b5680000)
 Metaspace       used 87728K, committed 89536K, reserved 1179648K
  class space    used 9139K, committed 9920K, reserved 1048576K
}
Event: 952.911 GC heap after
{Heap after GC invocations=1476 (full 4):
 PSYoungGen      total 9216K, used 393K [0x00000000d5580000, 0x00000000d5f80000, 0x0000000100000000)
  eden space 8704K, 0% used [0x00000000d5580000,0x00000000d5580000,0x00000000d5e00000)
  from space 512K, 76% used [0x00000000d5f00000,0x00000000d5f62658,0x00000000d5f80000)
  to   space 512K, 0% used [0x00000000d5e80000,0x00000000d5e80000,0x00000000d5f00000)
 ParOldGen       total 875008K, used 410042K [0x0000000080000000, 0x00000000b5680000, 0x00000000d5580000)
  object space 875008K, 46% used [0x0000000080000000,0x000000009906eb88,0x00000000b5680000)
 Metaspace       used 87728K, committed 89536K, reserved 1179648K
  class space    used 9139K, committed 9920K, reserved 1048576K
}
Event: 952.940 GC heap before
{Heap before GC invocations=1477 (full 4):
 PSYoungGen      total 9216K, used 9050K [0x00000000d5580000, 0x00000000d5f80000, 0x0000000100000000)
  eden space 8704K, 99% used [0x00000000d5580000,0x00000000d5df4290,0x00000000d5e00000)
  from space 512K, 76% used [0x00000000d5f00000,0x00000000d5f62658,0x00000000d5f80000)
  to   space 512K, 0% used [0x00000000d5e80000,0x00000000d5e80000,0x00000000d5f00000)
 ParOldGen       total 875008K, used 410042K [0x0000000080000000, 0x00000000b5680000, 0x00000000d5580000)
  object space 875008K, 46% used [0x0000000080000000,0x000000009906eb88,0x00000000b5680000)
 Metaspace       used 87728K, committed 89536K, reserved 1179648K
  class space    used 9139K, committed 9920K, reserved 1048576K
}
Event: 952.942 GC heap after
{Heap after GC invocations=1477 (full 4):
 PSYoungGen      total 9216K, used 192K [0x00000000d5580000, 0x00000000d5f80000, 0x0000000100000000)
  eden space 8704K, 0% used [0x00000000d5580000,0x00000000d5580000,0x00000000d5e00000)
  from space 512K, 37% used [0x00000000d5e80000,0x00000000d5eb0000,0x00000000d5f00000)
  to   space 512K, 0% used [0x00000000d5f00000,0x00000000d5f00000,0x00000000d5f80000)
 ParOldGen       total 875008K, used 410202K [0x0000000080000000, 0x00000000b5680000, 0x00000000d5580000)
  object space 875008K, 46% used [0x0000000080000000,0x0000000099096b88,0x00000000b5680000)
 Metaspace       used 87728K, committed 89536K, reserved 1179648K
  class space    used 9139K, committed 9920K, reserved 1048576K
}
Event: 952.975 GC heap before
{Heap before GC invocations=1478 (full 4):
 PSYoungGen      total 9216K, used 8896K [0x00000000d5580000, 0x00000000d5f80000, 0x0000000100000000)
  eden space 8704K, 100% used [0x00000000d5580000,0x00000000d5e00000,0x00000000d5e00000)
  from space 512K, 37% used [0x00000000d5e80000,0x00000000d5eb0000,0x00000000d5f00000)
  to   space 512K, 0% used [0x00000000d5f00000,0x00000000d5f00000,0x00000000d5f80000)
 ParOldGen       total 875008K, used 410202K [0x0000000080000000, 0x00000000b5680000, 0x00000000d5580000)
  object space 875008K, 46% used [0x0000000080000000,0x0000000099096b88,0x00000000b5680000)
 Metaspace       used 87728K, committed 89536K, reserved 1179648K
  class space    used 9139K, committed 9920K, reserved 1048576K
}
Event: 952.977 GC heap after
{Heap after GC invocations=1478 (full 4):
 PSYoungGen      total 9216K, used 224K [0x00000000d5580000, 0x00000000d5f80000, 0x0000000100000000)
  eden space 8704K, 0% used [0x00000000d5580000,0x00000000d5580000,0x00000000d5e00000)
  from space 512K, 43% used [0x00000000d5f00000,0x00000000d5f38000,0x00000000d5f80000)
  to   space 512K, 0% used [0x00000000d5e80000,0x00000000d5e80000,0x00000000d5f00000)
 ParOldGen       total 875008K, used 410274K [0x0000000080000000, 0x00000000b5680000, 0x00000000d5580000)
  object space 875008K, 46% used [0x0000000080000000,0x00000000990a8b88,0x00000000b5680000)
 Metaspace       used 87728K, committed 89536K, reserved 1179648K
  class space    used 9139K, committed 9920K, reserved 1048576K
}
Event: 953.015 GC heap before
{Heap before GC invocations=1479 (full 4):
 PSYoungGen      total 9216K, used 8928K [0x00000000d5580000, 0x00000000d5f80000, 0x0000000100000000)
  eden space 8704K, 100% used [0x00000000d5580000,0x00000000d5e00000,0x00000000d5e00000)
  from space 512K, 43% used [0x00000000d5f00000,0x00000000d5f38000,0x00000000d5f80000)
  to   space 512K, 0% used [0x00000000d5e80000,0x00000000d5e80000,0x00000000d5f00000)
 ParOldGen       total 875008K, used 410274K [0x0000000080000000, 0x00000000b5680000, 0x00000000d5580000)
  object space 875008K, 46% used [0x0000000080000000,0x00000000990a8b88,0x00000000b5680000)
 Metaspace       used 87730K, committed 89536K, reserved 1179648K
  class space    used 9139K, committed 9920K, reserved 1048576K
}
Event: 953.016 GC heap after
{Heap after GC invocations=1479 (full 4):
 PSYoungGen      total 9216K, used 291K [0x00000000d5580000, 0x00000000d5f80000, 0x0000000100000000)
  eden space 8704K, 0% used [0x00000000d5580000,0x00000000d5580000,0x00000000d5e00000)
  from space 512K, 56% used [0x00000000d5e80000,0x00000000d5ec8db0,0x00000000d5f00000)
  to   space 512K, 0% used [0x00000000d5f00000,0x00000000d5f00000,0x00000000d5f80000)
 ParOldGen       total 875008K, used 410346K [0x0000000080000000, 0x00000000b5680000, 0x00000000d5580000)
  object space 875008K, 46% used [0x0000000080000000,0x00000000990bab88,0x00000000b5680000)
 Metaspace       used 87730K, committed 89536K, reserved 1179648K
  class space    used 9139K, committed 9920K, reserved 1048576K
}

Dll operation events (14 events):
Event: 0.026 Loaded shared library c:\Users\nojav\.vscode\extensions\redhat.java-1.54.0-win32-x64\jre\21.0.10-win32-x86_64\bin\java.dll
Event: 0.195 Loaded shared library c:\Users\nojav\.vscode\extensions\redhat.java-1.54.0-win32-x64\jre\21.0.10-win32-x86_64\bin\zip.dll
Event: 0.285 Loaded shared library C:\Users\nojav\.vscode\extensions\redhat.java-1.54.0-win32-x64\jre\21.0.10-win32-x86_64\bin\instrument.dll
Event: 0.323 Loaded shared library C:\Users\nojav\.vscode\extensions\redhat.java-1.54.0-win32-x64\jre\21.0.10-win32-x86_64\bin\net.dll
Event: 0.330 Loaded shared library C:\Users\nojav\.vscode\extensions\redhat.java-1.54.0-win32-x64\jre\21.0.10-win32-x86_64\bin\nio.dll
Event: 0.336 Loaded shared library C:\Users\nojav\.vscode\extensions\redhat.java-1.54.0-win32-x64\jre\21.0.10-win32-x86_64\bin\zip.dll
Event: 0.398 Loaded shared library C:\Users\nojav\.vscode\extensions\redhat.java-1.54.0-win32-x64\jre\21.0.10-win32-x86_64\bin\jimage.dll
Event: 0.683 Loaded shared library c:\Users\nojav\.vscode\extensions\redhat.java-1.54.0-win32-x64\jre\21.0.10-win32-x86_64\bin\verify.dll
Event: 2.737 Loaded shared library C:\Users\nojav\AppData\Roaming\Code\User\globalStorage\redhat.java\1.54.0\config_win\org.eclipse.equinox.launcher\org.eclipse.equinox.launcher.win32.win32.x86_64_1.3.0.v20260203-2149\eclipse_11919.dll
Event: 7.043 Loaded shared library C:\Users\nojav\.vscode\extensions\redhat.java-1.54.0-win32-x64\jre\21.0.10-win32-x86_64\bin\management.dll
Event: 7.048 Loaded shared library C:\Users\nojav\.vscode\extensions\redhat.java-1.54.0-win32-x64\jre\21.0.10-win32-x86_64\bin\management_ext.dll
Event: 10.695 Loaded shared library C:\Users\nojav\AppData\Local\Temp\jna-104999102\jna14711587731759024948.dll
Event: 11.209 Loaded shared library C:\Users\nojav\.vscode\extensions\redhat.java-1.54.0-win32-x64\jre\21.0.10-win32-x86_64\bin\sunmscapi.dll
Event: 11.949 Loaded shared library C:\Users\nojav\.vscode\extensions\redhat.java-1.54.0-win32-x64\jre\21.0.10-win32-x86_64\bin\extnet.dll

Deoptimization events (20 events):
Event: 951.469 Thread 0x000001bf6d48a5a0 DEOPT PACKING pc=0x000001bf19711590 sp=0x0000008c526fde60
Event: 951.469 Thread 0x000001bf6d48a5a0 DEOPT UNPACKING pc=0x000001bf18033aa2 sp=0x0000008c526fde38 mode 2
Event: 951.470 Thread 0x000001bf6d48a5a0 Uncommon trap: trap_request=0xffffffbe fr.pc=0x000001bf19711590 relative=0x0000000000000c70
Event: 951.470 Thread 0x000001bf6d48a5a0 Uncommon trap: reason=profile_predicate action=maybe_recompile pc=0x000001bf19711590 method=org.eclipse.jdt.internal.core.JarPackageFragmentRoot.createChildren(Ljava/util/Collection;)[Lorg/eclipse/jdt/core/IJavaElement; @ 92 c2
Event: 951.470 Thread 0x000001bf6d48a5a0 DEOPT PACKING pc=0x000001bf19711590 sp=0x0000008c526fde60
Event: 951.470 Thread 0x000001bf6d48a5a0 DEOPT UNPACKING pc=0x000001bf18033aa2 sp=0x0000008c526fde38 mode 2
Event: 951.475 Thread 0x000001bf6d48a5a0 Uncommon trap: trap_request=0xffffffbe fr.pc=0x000001bf19711590 relative=0x0000000000000c70
Event: 951.475 Thread 0x000001bf6d48a5a0 Uncommon trap: reason=profile_predicate action=maybe_recompile pc=0x000001bf19711590 method=org.eclipse.jdt.internal.core.JarPackageFragmentRoot.createChildren(Ljava/util/Collection;)[Lorg/eclipse/jdt/core/IJavaElement; @ 92 c2
Event: 951.475 Thread 0x000001bf6d48a5a0 DEOPT PACKING pc=0x000001bf19711590 sp=0x0000008c526fde60
Event: 951.475 Thread 0x000001bf6d48a5a0 DEOPT UNPACKING pc=0x000001bf18033aa2 sp=0x0000008c526fde38 mode 2
Event: 951.478 Thread 0x000001bf6d48a5a0 Uncommon trap: trap_request=0xffffffbe fr.pc=0x000001bf19711590 relative=0x0000000000000c70
Event: 951.478 Thread 0x000001bf6d48a5a0 Uncommon trap: reason=profile_predicate action=maybe_recompile pc=0x000001bf19711590 method=org.eclipse.jdt.internal.core.JarPackageFragmentRoot.createChildren(Ljava/util/Collection;)[Lorg/eclipse/jdt/core/IJavaElement; @ 92 c2
Event: 951.478 Thread 0x000001bf6d48a5a0 DEOPT PACKING pc=0x000001bf19711590 sp=0x0000008c526fde60
Event: 951.478 Thread 0x000001bf6d48a5a0 DEOPT UNPACKING pc=0x000001bf18033aa2 sp=0x0000008c526fde38 mode 2
Event: 952.873 Thread 0x000001bf6d48ac30 DEOPT PACKING pc=0x000001bf132fd01d sp=0x0000008c500fda90
Event: 952.873 Thread 0x000001bf6d48ac30 DEOPT UNPACKING pc=0x000001bf18034242 sp=0x0000008c500fd050 mode 0
Event: 952.912 Thread 0x000001bf6d48ac30 DEOPT PACKING pc=0x000001bf132fd01d sp=0x0000008c500fdad0
Event: 952.913 Thread 0x000001bf6d48ac30 DEOPT UNPACKING pc=0x000001bf18034242 sp=0x0000008c500fd090 mode 0
Event: 953.003 Thread 0x000001bf6d48ac30 DEOPT PACKING pc=0x000001bf132fd01d sp=0x0000008c500fdad0
Event: 953.003 Thread 0x000001bf6d48ac30 DEOPT UNPACKING pc=0x000001bf18034242 sp=0x0000008c500fd090 mode 0

Classes loaded (20 events):
Event: 74.555 Loading class java/io/ObjectStreamClass$DeserializationConstructorsCache$Key$Impl
Event: 74.556 Loading class java/io/ObjectStreamClass$DeserializationConstructorsCache$Key$Impl done
Event: 76.377 Loading class javax/xml/transform/TransformerConfigurationException
Event: 76.378 Loading class javax/xml/transform/TransformerConfigurationException done
Event: 79.790 Loading class jdk/internal/module/IllegalAccessLogger
Event: 79.790 Loading class jdk/internal/module/IllegalAccessLogger done
Event: 80.043 Loading class jdk/internal/module/IllegalAccessLogger
Event: 80.043 Loading class jdk/internal/module/IllegalAccessLogger done
Event: 82.588 Loading class java/lang/UnsupportedClassVersionError
Event: 82.590 Loading class java/lang/UnsupportedClassVersionError done
Event: 82.964 Loading class java/util/LinkedList$LLSpliterator
Event: 82.965 Loading class java/util/LinkedList$LLSpliterator done
Event: 83.332 Loading class jdk/internal/ref/CleanerImpl$InnocuousThreadFactory
Event: 83.337 Loading class jdk/internal/ref/CleanerImpl$InnocuousThreadFactory done
Event: 457.265 Loading class java/util/function/IntPredicate
Event: 457.266 Loading class java/util/function/IntPredicate done
Event: 457.282 Loading class java/util/regex/Pattern$Bound
Event: 457.283 Loading class java/util/regex/Pattern$Bound done
Event: 504.112 Loading class java/nio/BufferMismatch
Event: 504.119 Loading class java/nio/BufferMismatch done

Classes unloaded (20 events):
Event: 455.213 Thread 0x000001bf0d822690 Unloading class 0x000001bf267e8000 'org/apache/maven/shared/filtering/MavenReaderFilterRequest'
Event: 455.213 Thread 0x000001bf0d822690 Unloading class 0x000001bf267e7cd0 'org/apache/maven/shared/filtering/MavenFileFilterRequest'
Event: 455.214 Thread 0x000001bf0d822690 Unloading class 0x000001bf267e7ad0 'org/codehaus/plexus/interpolation/Interpolator'
Event: 455.214 Thread 0x000001bf0d822690 Unloading class 0x000001bf267e78d0 'org/codehaus/plexus/interpolation/BasicInterpolator'
Event: 455.214 Thread 0x000001bf0d822690 Unloading class 0x000001bf267e76d0 'org/codehaus/plexus/interpolation/ValueSource'
Event: 455.214 Thread 0x000001bf0d822690 Unloading class 0x000001bf267e7308 'org/apache/maven/shared/filtering/MavenResourcesExecution'
Event: 455.214 Thread 0x000001bf0d822690 Unloading class 0x000001bf267e7030 'org/apache/maven/shared/filtering/AbstractMavenFilteringRequest'
Event: 455.214 Thread 0x000001bf0d822690 Unloading class 0x000001bf267e6dd0 'org/apache/maven/shared/filtering/MavenFilteringException'
Event: 455.214 Thread 0x000001bf0d822690 Unloading class 0x000001bf267e6b80 'org/apache/maven/shared/filtering/DefaultMavenResourcesFiltering'
Event: 455.214 Thread 0x000001bf0d822690 Unloading class 0x000001bf267e6980 'org/apache/maven/shared/filtering/MavenResourcesFiltering'
Event: 455.214 Thread 0x000001bf0d822690 Unloading class 0x000001bf267e66f0 'org/apache/maven/shared/filtering/DefaultMavenReaderFilter'
Event: 455.214 Thread 0x000001bf0d822690 Unloading class 0x000001bf267e64f0 'org/apache/maven/shared/filtering/MavenReaderFilter'
Event: 455.214 Thread 0x000001bf0d822690 Unloading class 0x000001bf267e6250 'org/apache/maven/shared/filtering/DefaultMavenFileFilter'
Event: 455.214 Thread 0x000001bf0d822690 Unloading class 0x000001bf267e6000 'org/apache/maven/shared/filtering/BaseFilter'
Event: 455.214 Thread 0x000001bf0d822690 Unloading class 0x000001bf267e5db8 'org/apache/maven/shared/filtering/MavenFileFilter'
Event: 455.214 Thread 0x000001bf0d822690 Unloading class 0x000001bf267e5bb8 'org/apache/maven/shared/filtering/DefaultFilterInfo'
Event: 455.214 Thread 0x000001bf0d822690 Unloading class 0x000001bf267e58a8 'org/apache/maven/plugins/resources/TestResourcesMojo'
Event: 455.214 Thread 0x000001bf0d822690 Unloading class 0x000001bf267e5620 'org/apache/maven/plugins/maven_resources_plugin/HelpMojo'
Event: 455.214 Thread 0x000001bf0d822690 Unloading class 0x000001bf267e5310 'org/apache/maven/plugins/resources/CopyResourcesMojo'
Event: 455.214 Thread 0x000001bf0d822690 Unloading class 0x000001bf267e5000 'org/apache/maven/plugins/resources/ResourcesMojo'

Classes redefined (0 events):
No events

Internal exceptions (20 events):
Event: 948.659 Thread 0x000001bf710278d0 Exception <a 'sun/nio/fs/WindowsException'{0x00000000d55c4f38}> (0x00000000d55c4f38) 
thrown [s\src\hotspot\share\prims\jni.cpp, line 520]
Event: 949.228 Thread 0x000001bf710278d0 Exception <a 'sun/nio/fs/WindowsException'{0x00000000d5629558}> (0x00000000d5629558) 
thrown [s\src\hotspot\share\prims\jni.cpp, line 520]
Event: 949.228 Thread 0x000001bf710278d0 Exception <a 'sun/nio/fs/WindowsException'{0x00000000d5629f00}> (0x00000000d5629f00) 
thrown [s\src\hotspot\share\prims\jni.cpp, line 520]
Event: 949.231 Thread 0x000001bf710278d0 Exception <a 'sun/nio/fs/WindowsException'{0x00000000d5636cf8}> (0x00000000d5636cf8) 
thrown [s\src\hotspot\share\prims\jni.cpp, line 520]
Event: 949.231 Thread 0x000001bf710278d0 Exception <a 'sun/nio/fs/WindowsException'{0x00000000d56376a0}> (0x00000000d56376a0) 
thrown [s\src\hotspot\share\prims\jni.cpp, line 520]
Event: 949.374 Thread 0x000001bf710278d0 Exception <a 'sun/nio/fs/WindowsException'{0x00000000d55c5ec8}> (0x00000000d55c5ec8) 
thrown [s\src\hotspot\share\prims\jni.cpp, line 520]
Event: 949.374 Thread 0x000001bf710278d0 Exception <a 'sun/nio/fs/WindowsException'{0x00000000d55c6870}> (0x00000000d55c6870) 
thrown [s\src\hotspot\share\prims\jni.cpp, line 520]
Event: 949.509 Thread 0x000001bf6cff2770 Implicit null exception at 0x000001bf18f47a4d to 0x000001bf18f49894
Event: 949.787 Thread 0x000001bf6cff2770 Exception <a 'sun/nio/fs/WindowsException'{0x00000000d57289e0}> (0x00000000d57289e0) 
thrown [s\src\hotspot\share\prims\jni.cpp, line 520]
Event: 949.804 Thread 0x000001bf6cff2770 Exception <a 'sun/nio/fs/WindowsException'{0x00000000d5870968}> (0x00000000d5870968) 
thrown [s\src\hotspot\share\prims\jni.cpp, line 520]
Event: 949.833 Thread 0x000001bf6cff2770 Exception <a 'sun/nio/fs/WindowsException'{0x00000000d55945e0}> (0x00000000d55945e0) 
thrown [s\src\hotspot\share\prims\jni.cpp, line 520]
Event: 949.870 Thread 0x000001bf6d48ac30 Exception <a 'sun/nio/fs/WindowsException'{0x00000000d5685d30}> (0x00000000d5685d30) 
thrown [s\src\hotspot\share\prims\jni.cpp, line 520]
Event: 949.870 Thread 0x000001bf6d48ac30 Exception <a 'sun/nio/fs/WindowsException'{0x00000000d56866f8}> (0x00000000d56866f8) 
thrown [s\src\hotspot\share\prims\jni.cpp, line 520]
Event: 949.918 Thread 0x000001bf6cff2770 Exception <a 'sun/nio/fs/WindowsException'{0x00000000d58c8a30}> (0x00000000d58c8a30) 
thrown [s\src\hotspot\share\prims\jni.cpp, line 520]
Event: 949.967 Thread 0x000001bf6cff2770 Exception <a 'sun/nio/fs/WindowsException'{0x00000000d5a7c3c0}> (0x00000000d5a7c3c0) 
thrown [s\src\hotspot\share\prims\jni.cpp, line 520]
Event: 949.991 Thread 0x000001bf6cff2770 Exception <a 'sun/nio/fs/WindowsException'{0x00000000d59ab590}> (0x00000000d59ab590) 
thrown [s\src\hotspot\share\prims\jni.cpp, line 520]
Event: 950.035 Thread 0x000001bf6cff2770 Exception <a 'sun/nio/fs/WindowsException'{0x00000000d57b38a0}> (0x00000000d57b38a0) 
thrown [s\src\hotspot\share\prims\jni.cpp, line 520]
Event: 950.049 Thread 0x000001bf6cff2770 Exception <a 'sun/nio/fs/WindowsException'{0x00000000d584a228}> (0x00000000d584a228) 
thrown [s\src\hotspot\share\prims\jni.cpp, line 520]
Event: 950.216 Thread 0x000001bf710278d0 Exception <a 'sun/nio/fs/WindowsException'{0x00000000d588fd58}> (0x00000000d588fd58) 
thrown [s\src\hotspot\share\prims\jni.cpp, line 520]
Event: 950.216 Thread 0x000001bf710278d0 Exception <a 'sun/nio/fs/WindowsException'{0x00000000d5890700}> (0x00000000d5890700) 
thrown [s\src\hotspot\share\prims\jni.cpp, line 520]

ZGC Phase Switch (0 events):
No events

VM Operations (20 events):
Event: 951.771 Executing safepoint VM operation: ParallelGCFailedAllocation (Allocation Failure)
Event: 951.773 Executing safepoint VM operation: ParallelGCFailedAllocation (Allocation Failure) done
Event: 951.797 Executing safepoint VM operation: ParallelGCFailedAllocation (Allocation Failure)
Event: 951.798 Executing safepoint VM operation: ParallelGCFailedAllocation (Allocation Failure) done
Event: 951.809 Executing safepoint VM operation: ParallelGCFailedAllocation (Allocation Failure)
Event: 951.811 Executing safepoint VM operation: ParallelGCFailedAllocation (Allocation Failure) done
Event: 951.831 Executing safepoint VM operation: ParallelGCFailedAllocation (Allocation Failure)
Event: 952.833 Executing safepoint VM operation: ParallelGCFailedAllocation (Allocation Failure) done
Event: 952.861 Executing safepoint VM operation: ParallelGCFailedAllocation (Allocation Failure)
Event: 952.863 Executing safepoint VM operation: ParallelGCFailedAllocation (Allocation Failure) done
Event: 952.881 Executing safepoint VM operation: ParallelGCFailedAllocation (Allocation Failure)
Event: 952.883 Executing safepoint VM operation: ParallelGCFailedAllocation (Allocation Failure) done
Event: 952.910 Executing safepoint VM operation: ParallelGCFailedAllocation (Allocation Failure)
Event: 952.911 Executing safepoint VM operation: ParallelGCFailedAllocation (Allocation Failure) done
Event: 952.940 Executing safepoint VM operation: ParallelGCFailedAllocation (Allocation Failure)
Event: 952.942 Executing safepoint VM operation: ParallelGCFailedAllocation (Allocation Failure) done
Event: 952.975 Executing safepoint VM operation: ParallelGCFailedAllocation (Allocation Failure)
Event: 952.977 Executing safepoint VM operation: ParallelGCFailedAllocation (Allocation Failure) done
Event: 953.015 Executing safepoint VM operation: ParallelGCFailedAllocation (Allocation Failure)
Event: 953.016 Executing safepoint VM operation: ParallelGCFailedAllocation (Allocation Failure) done

Memory protections (0 events):
No events

Nmethod flushes (20 events):
Event: 455.289 Thread 0x000001bf0d822690 flushing  nmethod 0x000001bf11dc9910
Event: 455.289 Thread 0x000001bf0d822690 flushing  nmethod 0x000001bf11dc9d10
Event: 455.289 Thread 0x000001bf0d822690 flushing  nmethod 0x000001bf11dca110
Event: 455.289 Thread 0x000001bf0d822690 flushing  nmethod 0x000001bf11dcaa90
Event: 455.289 Thread 0x000001bf0d822690 flushing  nmethod 0x000001bf11dcca90
Event: 455.289 Thread 0x000001bf0d822690 flushing  nmethod 0x000001bf11dda290
Event: 455.289 Thread 0x000001bf0d822690 flushing  nmethod 0x000001bf11de0190
Event: 455.289 Thread 0x000001bf0d822690 flushing  nmethod 0x000001bf11de1510
Event: 455.289 Thread 0x000001bf0d822690 flushing  nmethod 0x000001bf11de1910
Event: 455.289 Thread 0x000001bf0d822690 flushing  nmethod 0x000001bf11dfb190
Event: 455.289 Thread 0x000001bf0d822690 flushing  nmethod 0x000001bf11dfb890
Event: 455.289 Thread 0x000001bf0d822690 flushing  nmethod 0x000001bf11dfbc90
Event: 455.289 Thread 0x000001bf0d822690 flushing  nmethod 0x000001bf12342410
Event: 455.289 Thread 0x000001bf0d822690 flushing  nmethod 0x000001bf12342910
Event: 455.289 Thread 0x000001bf0d822690 flushing  nmethod 0x000001bf12344310
Event: 455.289 Thread 0x000001bf0d822690 flushing  nmethod 0x000001bf1234fb90
Event: 455.289 Thread 0x000001bf0d822690 flushing  nmethod 0x000001bf12e20390
Event: 455.289 Thread 0x000001bf0d822690 flushing  nmethod 0x000001bf12e20790
Event: 455.289 Thread 0x000001bf0d822690 flushing  nmethod 0x000001bf12e20b10
Event: 455.289 Thread 0x000001bf0d822690 flushing  nmethod 0x000001bf12e24a90

Events (20 events):
Event: 949.424 Thread 0x000001bf6d48a5a0 Thread exited: 0x000001bf6d48a5a0
Event: 949.424 Thread 0x000001bf6d48b2c0 Thread exited: 0x000001bf6d48b2c0
Event: 949.424 Thread 0x000001bf6d48da20 Thread exited: 0x000001bf6d48da20
Event: 949.507 Thread 0x000001bf6cff4840 Thread added: 0x000001bf6d48d390
Event: 949.788 Thread 0x000001bf6cff4840 Thread added: 0x000001bf6d48c670
Event: 949.799 Thread 0x000001bf6d48c670 Thread added: 0x000001bf6d48da20
Event: 950.334 Thread 0x000001bf6cff6fa0 Thread added: 0x000001bf6d48b2c0
Event: 950.339 Thread 0x000001bf6d48b2c0 Thread added: 0x000001bf6d48a5a0
Event: 950.340 Thread 0x000001bf6d48a5a0 Thread added: 0x000001bf6d48b950
Event: 950.341 Thread 0x000001bf6d48b950 Thread added: 0x000001bf6d48faf0
Event: 951.218 Thread 0x000001bf6d48ac30 Thread added: 0x000001bf6d490810
Event: 951.219 Thread 0x000001bf6d48ac30 Thread added: 0x000001bf6d490ea0
Event: 951.219 Thread 0x000001bf6d48ac30 Thread added: 0x000001bf6f69b010
Event: 951.219 Thread 0x000001bf6d48ac30 Thread added: 0x000001bf6f69b6a0
Event: 951.220 Thread 0x000001bf6d48ac30 Thread added: 0x000001bf6f6995d0
Event: 951.747 Thread 0x000001bf6f69b010 Thread exited: 0x000001bf6f69b010
Event: 951.747 Thread 0x000001bf6d490ea0 Thread exited: 0x000001bf6d490ea0
Event: 951.747 Thread 0x000001bf6f69b6a0 Thread exited: 0x000001bf6f69b6a0
Event: 951.747 Thread 0x000001bf6d490810 Thread exited: 0x000001bf6d490810
Event: 951.747 Thread 0x000001bf6f6995d0 Thread exited: 0x000001bf6f6995d0


Dynamic libraries:
0x00007ff6d6dc0000 - 0x00007ff6d6dce000 	c:\Users\nojav\.vscode\extensions\redhat.java-1.54.0-win32-x64\jre\21.0.10-win32-x86_64\bin\java.exe
0x00007ffe8f4c0000 - 0x00007ffe8f726000 	C:\WINDOWS\SYSTEM32\ntdll.dll
0x00007ffe8ddd0000 - 0x00007ffe8de99000 	C:\WINDOWS\System32\KERNEL32.DLL
0x00007ffe8c950000 - 0x00007ffe8cd4a000 	C:\WINDOWS\System32\KERNELBASE.dll
0x00007ffe8d000000 - 0x00007ffe8d14c000 	C:\WINDOWS\System32\ucrtbase.dll
0x00007ffe79470000 - 0x00007ffe79488000 	c:\Users\nojav\.vscode\extensions\redhat.java-1.54.0-win32-x64\jre\21.0.10-win32-x86_64\bin\jli.dll
0x00007ffe8d4c0000 - 0x00007ffe8d687000 	C:\WINDOWS\System32\USER32.dll
0x00007ffe79100000 - 0x00007ffe79392000 	C:\WINDOWS\WinSxS\amd64_microsoft.windows.common-controls_6595b64144ccf1df_6.0.26100.8521_none_3e08b75ce33403b3\COMCTL32.dll
0x00007ffe8d150000 - 0x00007ffe8d177000 	C:\WINDOWS\System32\win32u.dll
0x00007ffe79450000 - 0x00007ffe7946e000 	c:\Users\nojav\.vscode\extensions\redhat.java-1.54.0-win32-x64\jre\21.0.10-win32-x86_64\bin\VCRUNTIME140.dll
0x00007ffe8d350000 - 0x00007ffe8d37b000 	C:\WINDOWS\System32\GDI32.dll
0x00007ffe8cd50000 - 0x00007ffe8ce7b000 	C:\WINDOWS\System32\gdi32full.dll
0x00007ffe8c8a0000 - 0x00007ffe8c943000 	C:\WINDOWS\System32\msvcp_win.dll
0x00007ffe8e5d0000 - 0x00007ffe8e679000 	C:\WINDOWS\System32\msvcrt.dll
0x00007ffe8e6f0000 - 0x00007ffe8e722000 	C:\WINDOWS\System32\IMM32.DLL
0x00007ffe86e10000 - 0x00007ffe86e1c000 	c:\Users\nojav\.vscode\extensions\redhat.java-1.54.0-win32-x64\jre\21.0.10-win32-x86_64\bin\vcruntime140_1.dll
0x00007ffe34130000 - 0x00007ffe341bd000 	c:\Users\nojav\.vscode\extensions\redhat.java-1.54.0-win32-x64\jre\21.0.10-win32-x86_64\bin\msvcp140.dll
0x00007ffe060e0000 - 0x00007ffe06e81000 	c:\Users\nojav\.vscode\extensions\redhat.java-1.54.0-win32-x64\jre\21.0.10-win32-x86_64\bin\server\jvm.dll
0x00007ffe8d400000 - 0x00007ffe8d4b6000 	C:\WINDOWS\System32\ADVAPI32.dll
0x00007ffe8da20000 - 0x00007ffe8daca000 	C:\WINDOWS\System32\sechost.dll
0x00007ffe8dc50000 - 0x00007ffe8dd68000 	C:\WINDOWS\System32\RPCRT4.dll
0x00007ffe8db00000 - 0x00007ffe8db80000 	C:\WINDOWS\System32\WS2_32.dll
0x00007ffe8c5d0000 - 0x00007ffe8c62e000 	C:\WINDOWS\SYSTEM32\POWRPROF.dll
0x00007ffe829d0000 - 0x00007ffe82a06000 	C:\WINDOWS\SYSTEM32\WINMM.dll
0x00007ffe85fe0000 - 0x00007ffe85feb000 	C:\WINDOWS\SYSTEM32\VERSION.dll
0x00007ffe8c5b0000 - 0x00007ffe8c5c4000 	C:\WINDOWS\SYSTEM32\UMPDC.dll
0x00007ffe8b4a0000 - 0x00007ffe8b4bb000 	C:\WINDOWS\SYSTEM32\kernel.appcore.dll
0x00007ffe85790000 - 0x00007ffe8579a000 	c:\Users\nojav\.vscode\extensions\redhat.java-1.54.0-win32-x64\jre\21.0.10-win32-x86_64\bin\jimage.dll
0x00007ffe82a10000 - 0x00007ffe82c52000 	C:\WINDOWS\SYSTEM32\DBGHELP.DLL
0x00007ffe8d690000 - 0x00007ffe8da13000 	C:\WINDOWS\System32\combase.dll
0x00007ffe8d260000 - 0x00007ffe8d339000 	C:\WINDOWS\System32\OLEAUT32.dll
0x00007ffe73740000 - 0x00007ffe7377b000 	C:\WINDOWS\SYSTEM32\dbgcore.DLL
0x00007ffe8d180000 - 0x00007ffe8d228000 	C:\WINDOWS\System32\bcryptPrimitives.dll
0x00007ffe85760000 - 0x00007ffe8576f000 	c:\Users\nojav\.vscode\extensions\redhat.java-1.54.0-win32-x64\jre\21.0.10-win32-x86_64\bin\instrument.dll
0x00007ffe79430000 - 0x00007ffe79450000 	c:\Users\nojav\.vscode\extensions\redhat.java-1.54.0-win32-x64\jre\21.0.10-win32-x86_64\bin\java.dll
0x00007ffe8ecf0000 - 0x00007ffe8f474000 	C:\WINDOWS\System32\SHELL32.dll
0x00007ffe8a2f0000 - 0x00007ffe8ab70000 	C:\WINDOWS\SYSTEM32\windows.storage.dll
0x00007ffe8dea0000 - 0x00007ffe8df96000 	C:\WINDOWS\System32\SHCORE.dll
0x00007ffe8e680000 - 0x00007ffe8e6e7000 	C:\WINDOWS\System32\shlwapi.dll
0x00007ffe8c670000 - 0x00007ffe8c699000 	C:\WINDOWS\SYSTEM32\profapi.dll
0x00007ffe77130000 - 0x00007ffe77148000 	c:\Users\nojav\.vscode\extensions\redhat.java-1.54.0-win32-x64\jre\21.0.10-win32-x86_64\bin\zip.dll
0x00007ffe826b0000 - 0x00007ffe826c0000 	C:\Users\nojav\.vscode\extensions\redhat.java-1.54.0-win32-x64\jre\21.0.10-win32-x86_64\bin\net.dll
0x00007ffe85c80000 - 0x00007ffe85da9000 	C:\WINDOWS\SYSTEM32\WINHTTP.dll
0x00007ffe8b9f0000 - 0x00007ffe8ba5c000 	C:\WINDOWS\system32\mswsock.dll
0x00007ffe75ff0000 - 0x00007ffe76006000 	C:\Users\nojav\.vscode\extensions\redhat.java-1.54.0-win32-x64\jre\21.0.10-win32-x86_64\bin\nio.dll
0x00007ffe817e0000 - 0x00007ffe817f0000 	c:\Users\nojav\.vscode\extensions\redhat.java-1.54.0-win32-x64\jre\21.0.10-win32-x86_64\bin\verify.dll
0x00007ffe65660000 - 0x00007ffe656a5000 	C:\Users\nojav\AppData\Roaming\Code\User\globalStorage\redhat.java\1.54.0\config_win\org.eclipse.equinox.launcher\org.eclipse.equinox.launcher.win32.win32.x86_64_1.3.0.v20260203-2149\eclipse_11919.dll
0x00007ffe8dfa0000 - 0x00007ffe8e138000 	C:\WINDOWS\System32\ole32.dll
0x00007ffe897a0000 - 0x00007ffe897aa000 	C:\Users\nojav\.vscode\extensions\redhat.java-1.54.0-win32-x64\jre\21.0.10-win32-x86_64\bin\management.dll
0x00007ffe81c60000 - 0x00007ffe81c6c000 	C:\Users\nojav\.vscode\extensions\redhat.java-1.54.0-win32-x64\jre\21.0.10-win32-x86_64\bin\management_ext.dll
0x00007ffe8ece0000 - 0x00007ffe8ece8000 	C:\WINDOWS\System32\PSAPI.DLL
0x00007ffe8bdf0000 - 0x00007ffe8be0b000 	C:\WINDOWS\SYSTEM32\CRYPTSP.dll
0x00007ffe8b400000 - 0x00007ffe8b439000 	C:\WINDOWS\system32\rsaenh.dll
0x00007ffe8baa0000 - 0x00007ffe8bad3000 	C:\WINDOWS\SYSTEM32\USERENV.dll
0x00007ffe8c640000 - 0x00007ffe8c66a000 	C:\WINDOWS\SYSTEM32\bcrypt.dll
0x00007ffe8bc50000 - 0x00007ffe8bc5c000 	C:\WINDOWS\SYSTEM32\CRYPTBASE.dll
0x00007ffe8ae80000 - 0x00007ffe8aeb3000 	C:\WINDOWS\SYSTEM32\IPHLPAPI.DLL
0x00007ffe8dad0000 - 0x00007ffe8dada000 	C:\WINDOWS\System32\NSI.dll
0x00007ffe56bb0000 - 0x00007ffe56bf9000 	C:\Users\nojav\AppData\Local\Temp\jna-104999102\jna14711587731759024948.dll
0x00007ffe85ff0000 - 0x00007ffe8600d000 	C:\WINDOWS\SYSTEM32\dhcpcsvc6.DLL
0x00007ffe85e30000 - 0x00007ffe85e55000 	C:\WINDOWS\SYSTEM32\dhcpcsvc.DLL
0x00007ffe78990000 - 0x00007ffe7899e000 	C:\Users\nojav\.vscode\extensions\redhat.java-1.54.0-win32-x64\jre\21.0.10-win32-x86_64\bin\sunmscapi.dll
0x00007ffe8ce80000 - 0x00007ffe8cff8000 	C:\WINDOWS\System32\CRYPT32.dll
0x00007ffe8bf50000 - 0x00007ffe8bf80000 	C:\WINDOWS\SYSTEM32\ncrypt.dll
0x00007ffe8bf00000 - 0x00007ffe8bf3f000 	C:\WINDOWS\SYSTEM32\NTASN1.dll
0x00007ffe8aec0000 - 0x00007ffe8b00a000 	C:\WINDOWS\SYSTEM32\DNSAPI.dll
0x00007ffe8b830000 - 0x00007ffe8b83d000 	C:\WINDOWS\SYSTEM32\DSPARSE.dll
0x00007ffe82580000 - 0x00007ffe8258b000 	C:\Windows\System32\rasadhlp.dll
0x00007ffe843e0000 - 0x00007ffe84466000 	C:\WINDOWS\System32\fwpuclnt.dll
0x00007ffe78ac0000 - 0x00007ffe78ac9000 	C:\Users\nojav\.vscode\extensions\redhat.java-1.54.0-win32-x64\jre\21.0.10-win32-x86_64\bin\extnet.dll

JVMTI agents:
c:\Users\nojav\.vscode\extensions\redhat.java-1.54.0-win32-x64\lombok\lombok-1.18.39-4050.jar path:c:\Users\nojav\.vscode\extensions\redhat.java-1.54.0-win32-x64\jre\21.0.10-win32-x86_64\bin\instrument.dll, loaded, initialized, instrumentlib options:none

dbghelp: loaded successfully - version: 4.0.5 - missing functions: none
symbol engine: initialized successfully - sym options: 0x614 - pdb path: .;c:\Users\nojav\.vscode\extensions\redhat.java-1.54.0-win32-x64\jre\21.0.10-win32-x86_64\bin;C:\WINDOWS\SYSTEM32;C:\WINDOWS\WinSxS\amd64_microsoft.windows.common-controls_6595b64144ccf1df_6.0.26100.8521_none_3e08b75ce33403b3;c:\Users\nojav\.vscode\extensions\redhat.java-1.54.0-win32-x64\jre\21.0.10-win32-x86_64\bin\server;C:\Users\nojav\AppData\Roaming\Code\User\globalStorage\redhat.java\1.54.0\config_win\org.eclipse.equinox.launcher\org.eclipse.equinox.launcher.win32.win32.x86_64_1.3.0.v20260203-2149;C:\Users\nojav\AppData\Local\Temp\jna-104999102

VM Arguments:
jvm_args: --add-modules=ALL-SYSTEM --add-opens=java.base/java.util=ALL-UNNAMED --add-opens=java.base/java.lang=ALL-UNNAMED --add-opens=java.base/sun.nio.fs=ALL-UNNAMED -Declipse.application=org.eclipse.jdt.ls.core.id1 -Dosgi.bundles.defaultStartLevel=4 -Declipse.product=org.eclipse.jdt.ls.core.product -Djava.import.generatesMetadataFilesAtProjectRoot=false -DDetectVMInstallationsJob.disabled=true -Dfile.encoding=utf8 -XX:+UseParallelGC -XX:GCTimeRatio=4 -XX:AdaptiveSizePolicyWeight=90 -Dsun.zip.disableMemoryMapping=true -Xmx2G -Xms100m -Xlog:disable -javaagent:c:\Users\nojav\.vscode\extensions\redhat.java-1.54.0-win32-x64\lombok\lombok-1.18.39-4050.jar -XX:+HeapDumpOnOutOfMemoryError -XX:HeapDumpPath=c:\Users\nojav\AppData\Roaming\Code\User\workspaceStorage\f25b706554faed5a90ab6ee764554a6c\redhat.java -Daether.dependencyCollector.impl=bf 
java_command: c:\Users\nojav\.vscode\extensions\redhat.java-1.54.0-win32-x64\server\plugins\org.eclipse.equinox.launcher_1.7.100.v20251111-0406.jar -configuration c:\Users\nojav\AppData\Roaming\Code\User\globalStorage\redhat.java\1.54.0\config_win -data c:\Users\nojav\AppData\Roaming\Code\User\workspaceStorage\f25b706554faed5a90ab6ee764554a6c\redhat.java\jdt_ws --pipe=\\.\pipe\lsp-6042fdd3af1ba006d9da8b8150af34fe-sock
java_class_path (initial): c:\Users\nojav\.vscode\extensions\redhat.java-1.54.0-win32-x64\server\plugins\org.eclipse.equinox.launcher_1.7.100.v20251111-0406.jar
Launcher Type: SUN_STANDARD

[Global flags]
    uintx AdaptiveSizePolicyWeight                 = 90                                        {product} {command line}
     intx CICompilerCount                          = 4                                         {product} {ergonomic}
    uintx GCTimeRatio                              = 4                                         {product} {command line}
     bool HeapDumpOnOutOfMemoryError               = true                                   {manageable} {command line}
    ccstr HeapDumpPath                             = c:\Users\nojav\AppData\Roaming\Code\User\workspaceStorage\f25b706554faed5a90ab6ee764554a6c\redhat.java         {manageable} {command line}
   size_t InitialHeapSize                          = 104857600                                 {product} {command line}
   size_t MaxHeapSize                              = 2147483648                                {product} {command line}
   size_t MaxNewSize                               = 715653120                                 {product} {ergonomic}
   size_t MinHeapDeltaBytes                        = 524288                                    {product} {ergonomic}
   size_t MinHeapSize                              = 104857600                                 {product} {command line}
   size_t NewSize                                  = 34603008                                  {product} {ergonomic}
    uintx NonNMethodCodeHeapSize                   = 5839372                                {pd product} {ergonomic}
    uintx NonProfiledCodeHeapSize                  = 122909434                              {pd product} {ergonomic}
   size_t OldSize                                  = 70254592                                  {product} {ergonomic}
    uintx ProfiledCodeHeapSize                     = 122909434                              {pd product} {ergonomic}
    uintx ReservedCodeCacheSize                    = 251658240                              {pd product} {ergonomic}
     bool SegmentedCodeCache                       = true                                      {product} {ergonomic}
   size_t SoftMaxHeapSize                          = 2147483648                             {manageable} {ergonomic}
     bool UseCompressedOops                        = true                           {product lp64_product} {ergonomic}
     bool UseLargePagesIndividualAllocation        = false                                  {pd product} {ergonomic}
     bool UseParallelGC                            = true                                      {product} {command line}

Logging:
Log output configuration:
 #0: stdout all=off uptime,level,tags foldmultilines=false
 #1: stderr all=off uptime,level,tags foldmultilines=false

Release file:
JAVA_VERSION="21.0.10" 
MODULES="java.base java.compiler java.datatransfer java.xml java.prefs java.desktop java.instrument java.logging java.management java.security.sasl java.naming java.rmi java.management.rmi java.net.http java.scripting java.security.jgss java.transaction.xa java.sql java.sql.rowset java.xml.crypto java.se java.smartcardio jdk.accessibility jdk.internal.jvmstat jdk.attach jdk.charsets jdk.internal.opt jdk.zipfs jdk.compiler jdk.crypto.ec jdk.crypto.cryptoki jdk.crypto.mscapi jdk.dynalink jdk.internal.ed jdk.editpad jdk.hotspot.agent jdk.httpserver jdk.internal.le jdk.internal.vm.ci jdk.internal.vm.compiler jdk.internal.vm.compiler.management jdk.jartool jdk.javadoc jdk.jcmd jdk.management jdk.management.agent jdk.jconsole jdk.jdeps jdk.jdwp.agent jdk.jdi jdk.jfr jdk.jshell jdk.jsobject jdk.jstatd jdk.localedata jdk.management.jfr jdk.naming.dns jdk.naming.rmi jdk.net jdk.nio.mapmode jdk.random jdk.sctp jdk.security.auth jdk.security.jgss jdk.unsupported jdk.unsupported.desktop jdk.xml.dom" 

Environment Variables:
JAVA_HOME=C:\Program Files\RedHat\java-21-openjdk-21.0.11.0.10-1
PATH=C:\WINDOWS\system32;C:\WINDOWS;C:\WINDOWS\System32\Wbem;C:\WINDOWS\System32\WindowsPowerShell\v1.0\;C:\WINDOWS\System32\OpenSSH\;C:\Program Files\RedHat\java-21-openjdk-21.0.11.0.10-1\bin;C:\Program Files\Git\cmd;C:\Program Files\nodejs\;C:\Program Files\RedHat\java-21-openjdk-21.0.11.0.10-1\bin;;C:\Program Files\Docker\Docker\resources\bin;C:\Users\nojav\AppData\Local\Microsoft\WindowsApps;C:\Users\nojav\AppData\Local\Programs\Microsoft VS Code\bin;C:\Users\nojav\AppData\Local\Programs\Windsurf\bin;C:\Users\nojav\AppData\Roaming\npm
USERNAME=nojav
OS=Windows_NT
PROCESSOR_IDENTIFIER=AMD64 Family 23 Model 24 Stepping 1, AuthenticAMD
TMP=C:\Users\nojav\AppData\Local\Temp
TEMP=C:\Users\nojav\AppData\Local\Temp




Periodic native trim disabled

---------------  S Y S T E M  ---------------

OS:
 Windows 11 , 64 bit Build 26100 (10.0.26100.8521)
OS uptime: 0 days 13:42 hours
Hyper-V role detected

CPU: total 8 (initial active 8) (8 cores per cpu, 2 threads per core) family 23 model 24 stepping 1 microcode 0x8108109, cx8, cmov, fxsr, ht, mmx, 3dnowpref, sse, sse2, sse3, ssse3, sse4a, sse4.1, sse4.2, popcnt, lzcnt, tsc, tscinvbit, avx, avx2, aes, clmul, bmi1, bmi2, adx, sha, fma, vzeroupper, clflush, clflushopt, hv, rdtscp, f16c
Processor Information for the first 8 processors :
  Max Mhz: 2100, Current Mhz: 2100, Mhz Limit: 2100

Memory: 4k page, system-wide physical 10178M (1144M free)
TotalPageFile size 25183M (AvailPageFile size 100M)
current process WorkingSet (physical memory assigned to process): 421M, peak: 1346M
current process commit charge ("private bytes"): 1252M, peak: 1311M

vm_info: OpenJDK 64-Bit Server VM (21.0.10+7-LTS) for windows-amd64 JRE (21.0.10+7-LTS), built on 2026-01-20T00:00:00Z by "admin" with MS VC++ 17.12 (VS2022)

END.
